<?xml version="1.0"?>

<component name="org.nuxeo.ecm.webengine.templates.test">

  <extension target="org.nuxeo.ecm.webengine.rendering.SiteTemplateManagerService"
    point="template">

	<template name="test" src="OSGI-INF/template/test-template.test"/>

  </extension>

  <extension target="org.nuxeo.ecm.webengine.rendering.SiteTemplateManagerService"
    point="binding">

	<templateBinding templateName="test" docType="Folder" path="*"/>
	<templateBinding templateName="test" docType="File" path="/default-domain/workspace"/>

  </extension>

</component>
